{
  "stats": {
    "suites": 1,
    "tests": 1,
    "passes": 1,
    "pending": 0,
    "failures": 0,
    "start": "2024-09-07T03:45:08.237Z",
    "end": "2024-09-07T03:45:08.246Z",
    "duration": 9,
    "testsRegistered": 1,
    "passPercent": 100,
    "pendingPercent": 0,
    "other": 0,
    "hasOther": false,
    "skipped": 0,
    "hasSkipped": false
  },
  "results": [
    {
      "uuid": "669faaa3-c137-4640-930d-0cf599dee98d",
      "title": "",
      "fullFile": "D:\\icliniq\\backend\\test\\test.mjs",
      "file": "\\test\\test.mjs",
      "beforeHooks": [],
      "afterHooks": [],
      "tests": [],
      "suites": [
        {
          "uuid": "a03fecf3-3224-4274-b673-a3d71c0a7f2f",
          "title": "Sample Test",
          "fullFile": "D:\\icliniq\\backend\\test\\test.mjs",
          "file": "\\test\\test.mjs",
          "beforeHooks": [],
          "afterHooks": [],
          "tests": [
            {
              "title": "should pass",
              "fullTitle": "Sample Test should pass",
              "timedOut": false,
              "duration": 1,
              "state": "passed",
              "speed": "fast",
              "pass": true,
              "fail": false,
              "pending": false,
              "context": null,
              "code": "expect(true).to.be.true;",
              "err": {},
              "uuid": "9fca5b44-7f33-4dea-92e0-e70986414bfd",
              "parentUUID": "a03fecf3-3224-4274-b673-a3d71c0a7f2f",
              "isHook": false,
              "skipped": false
            }
          ],
          "suites": [],
          "passes": [
            "9fca5b44-7f33-4dea-92e0-e70986414bfd"
          ],
          "failures": [],
          "pending": [],
          "skipped": [],
          "duration": 1,
          "root": false,
          "rootEmpty": false,
          "_timeout": 2000
        }
      ],
      "passes": [],
      "failures": [],
      "pending": [],
      "skipped": [],
      "duration": 0,
      "root": true,
      "rootEmpty": true,
      "_timeout": 2000
    }
  ],
  "meta": {
    "mocha": {
      "version": "10.7.3"
    },
    "mochawesome": {
      "options": {
        "quiet": false,
        "reportFilename": "mochawesome",
        "saveHtml": true,
        "saveJson": true,
        "consoleReporter": "spec",
        "useInlineDiffs": false,
        "code": true
      },
      "version": "7.1.3"
    },
    "marge": {
      "options": null,
      "version": "6.2.0"
    }
  }
}